0 info it worked if it ends with ok
1 verbose cli [ 'C:\\Program Files\\nodejs\\node.exe',
1 verbose cli   'C:\\Program Files\\nodejs\\node_modules\\npm\\bin\\npm-cli.js',
1 verbose cli   'install',
1 verbose cli   'gitmodules' ]
2 info using npm@2.15.9
3 info using node@v4.5.0
4 verbose install initial load of C:\Users\Cliff\Documents\Portolio\kconklin0337.github.io\package.json
5 warn package.json paralax_portfolio@1.0.0 No description
6 warn package.json paralax_portfolio@1.0.0 No repository field.
7 warn package.json paralax_portfolio@1.0.0 No README data
8 verbose installManyTop reading scoped package data from C:\Users\Cliff\Documents\Portolio\kconklin0337.github.io\node_modules\ajax\package.json
9 verbose installManyTop reading scoped package data from C:\Users\Cliff\Documents\Portolio\kconklin0337.github.io\node_modules\angular\package.json
10 verbose installManyTop reading scoped package data from C:\Users\Cliff\Documents\Portolio\kconklin0337.github.io\node_modules\bootstrap\package.json
11 verbose installManyTop reading scoped package data from C:\Users\Cliff\Documents\Portolio\kconklin0337.github.io\node_modules\express\package.json
12 verbose installManyTop reading scoped package data from C:\Users\Cliff\Documents\Portolio\kconklin0337.github.io\node_modules\handlebars\package.json
13 verbose installManyTop reading scoped package data from C:\Users\Cliff\Documents\Portolio\kconklin0337.github.io\node_modules\morgan\package.json
14 info package.json ajax@0.0.4 No license field.
15 verbose readDependencies loading dependencies from C:\Users\Cliff\Documents\Portolio\kconklin0337.github.io\package.json
16 silly cache add args [ 'gitmodules', null ]
17 verbose cache add spec gitmodules
18 silly cache add parsed spec Result {
18 silly cache add   raw: 'gitmodules',
18 silly cache add   scope: null,
18 silly cache add   name: 'gitmodules',
18 silly cache add   rawSpec: '',
18 silly cache add   spec: 'latest',
18 silly cache add   type: 'tag' }
19 silly addNamed gitmodules@latest
20 verbose addNamed "latest" is being treated as a dist-tag for gitmodules
21 info addNameTag [ 'gitmodules', 'latest' ]
22 silly mapToRegistry name gitmodules
23 silly mapToRegistry using default registry
24 silly mapToRegistry registry https://registry.npmjs.org/
25 silly mapToRegistry data Result {
25 silly mapToRegistry   raw: 'gitmodules',
25 silly mapToRegistry   scope: null,
25 silly mapToRegistry   name: 'gitmodules',
25 silly mapToRegistry   rawSpec: '',
25 silly mapToRegistry   spec: 'latest',
25 silly mapToRegistry   type: 'tag' }
26 silly mapToRegistry uri https://registry.npmjs.org/gitmodules
27 verbose addNameTag registry:https://registry.npmjs.org/gitmodules not in flight; fetching
28 verbose request uri https://registry.npmjs.org/gitmodules
29 verbose request no auth needed
30 info attempt registry request try #1 at 6:43:40 PM
31 verbose request id c5c08ae91a932af0
32 http request GET https://registry.npmjs.org/gitmodules
33 http 404 https://registry.npmjs.org/gitmodules
34 verbose headers { 'content-type': 'application/json',
34 verbose headers   'cache-control': 'max-age=0',
34 verbose headers   'content-length': '2',
34 verbose headers   'accept-ranges': 'bytes',
34 verbose headers   date: 'Wed, 31 Aug 2016 22:43:41 GMT',
34 verbose headers   via: '1.1 varnish',
34 verbose headers   age: '0',
34 verbose headers   connection: 'keep-alive',
34 verbose headers   'x-served-by': 'cache-iad2640-IAD',
34 verbose headers   'x-cache': 'MISS',
34 verbose headers   'x-cache-hits': '0',
34 verbose headers   'x-timer': 'S1472683420.988344,VS0,VE103',
34 verbose headers   vary: 'Accept-Encoding' }
35 silly get cb [ 404,
35 silly get   { 'content-type': 'application/json',
35 silly get     'cache-control': 'max-age=0',
35 silly get     'content-length': '2',
35 silly get     'accept-ranges': 'bytes',
35 silly get     date: 'Wed, 31 Aug 2016 22:43:41 GMT',
35 silly get     via: '1.1 varnish',
35 silly get     age: '0',
35 silly get     connection: 'keep-alive',
35 silly get     'x-served-by': 'cache-iad2640-IAD',
35 silly get     'x-cache': 'MISS',
35 silly get     'x-cache-hits': '0',
35 silly get     'x-timer': 'S1472683420.988344,VS0,VE103',
35 silly get     vary: 'Accept-Encoding' } ]
36 verbose stack Error: Registry returned 404 for GET on https://registry.npmjs.org/gitmodules
36 verbose stack     at makeError (C:\Program Files\nodejs\node_modules\npm\node_modules\npm-registry-client\lib\request.js:264:12)
36 verbose stack     at CachingRegistryClient.<anonymous> (C:\Program Files\nodejs\node_modules\npm\node_modules\npm-registry-client\lib\request.js:242:14)
36 verbose stack     at Request._callback (C:\Program Files\nodejs\node_modules\npm\node_modules\npm-registry-client\lib\request.js:172:14)
36 verbose stack     at Request.self.callback (C:\Program Files\nodejs\node_modules\npm\node_modules\request\request.js:200:22)
36 verbose stack     at emitTwo (events.js:87:13)
36 verbose stack     at Request.emit (events.js:172:7)
36 verbose stack     at Request.<anonymous> (C:\Program Files\nodejs\node_modules\npm\node_modules\request\request.js:1067:10)
36 verbose stack     at emitOne (events.js:82:20)
36 verbose stack     at Request.emit (events.js:169:7)
36 verbose stack     at IncomingMessage.<anonymous> (C:\Program Files\nodejs\node_modules\npm\node_modules\request\request.js:988:12)
37 verbose statusCode 404
38 verbose pkgid gitmodules
39 verbose cwd C:\Users\Cliff\Documents\Portolio\kconklin0337.github.io
40 error Windows_NT 10.0.10586
41 error argv "C:\\Program Files\\nodejs\\node.exe" "C:\\Program Files\\nodejs\\node_modules\\npm\\bin\\npm-cli.js" "install" "gitmodules"
42 error node v4.5.0
43 error npm  v2.15.9
44 error code E404
45 error 404 Registry returned 404 for GET on https://registry.npmjs.org/gitmodules
45 error 404
45 error 404 'gitmodules' is not in the npm registry.
45 error 404 You should bug the author to publish it (or use the name yourself!)
45 error 404 It was specified as a dependency of 'paralax_portfolio'
45 error 404
45 error 404 Note that you can also install from a
45 error 404 tarball, folder, http url, or git url.
46 verbose exit [ 1, true ]
